<?xml version="1.0" encoding="UTF-8"?>
<testng-results ignored="0" total="2" passed="2" failed="0" skipped="0">
  <reporter-output>
  </reporter-output>
  <suite started-at="2021-12-30T22:36:40 IST" name="Default suite" finished-at="2021-12-30T22:36:41 IST" duration-ms="1429">
    <groups>
      <group name="cucumber">
        <method signature="AbstractTestNGCucumberTests.runScenario(io.cucumber.testng.PickleWrapper,io.cucumber.testng.FeatureWrapper)[pri:0, instance:TestRunner.TestRunner2@27f981c6]" name="runScenario" class="io.cucumber.testng.AbstractTestNGCucumberTests"/>
      </group> <!-- cucumber -->
    </groups>
    <test started-at="2021-12-30T22:36:40 IST" name="Default test" finished-at="2021-12-30T22:36:41 IST" duration-ms="1429">
      <class name="TestRunner.TestRunner2">
        <test-method is-config="true" signature="setUpClass(org.testng.ITestContext)[pri:0, instance:TestRunner.TestRunner2@27f981c6]" started-at="2021-12-30T22:36:40 IST" name="setUpClass" finished-at="2021-12-30T22:36:40 IST" duration-ms="501" status="PASS">
          <params>
            <param index="0">
              <value>
                <![CDATA[org.testng.TestRunner@6f2cb653]]>
              </value>
            </param>
          </params>
          <reporter-output>
          </reporter-output>
        </test-method> <!-- setUpClass -->
        <test-method signature="runScenario(io.cucumber.testng.PickleWrapper,io.cucumber.testng.FeatureWrapper)[pri:0, instance:TestRunner.TestRunner2@27f981c6]" started-at="2021-12-30T22:36:40 IST" name="runScenario" description="Runs Cucumber Scenarios" data-provider="scenarios" finished-at="2021-12-30T22:36:41 IST" duration-ms="662" status="PASS">
          <params>
            <param index="0">
              <value>
                <![CDATA["search for  samsung mobile"]]>
              </value>
            </param>
            <param index="1">
              <value>
                <![CDATA["Optional[enter into flipcart homepage]"]]>
              </value>
            </param>
          </params>
          <reporter-output>
          </reporter-output>
        </test-method> <!-- runScenario -->
        <test-method signature="runScenario(io.cucumber.testng.PickleWrapper,io.cucumber.testng.FeatureWrapper)[pri:0, instance:TestRunner.TestRunner2@27f981c6]" started-at="2021-12-30T22:36:41 IST" name="runScenario" description="Runs Cucumber Scenarios" data-provider="scenarios" finished-at="2021-12-30T22:36:41 IST" duration-ms="62" status="PASS">
          <params>
            <param index="0">
              <value>
                <![CDATA["search for  samsung tab"]]>
              </value>
            </param>
            <param index="1">
              <value>
                <![CDATA["Optional[enter into flipcart homepage]"]]>
              </value>
            </param>
          </params>
          <reporter-output>
          </reporter-output>
        </test-method> <!-- runScenario -->
        <test-method is-config="true" signature="tearDownClass()[pri:0, instance:TestRunner.TestRunner2@27f981c6]" started-at="2021-12-30T22:36:41 IST" name="tearDownClass" finished-at="2021-12-30T22:36:41 IST" duration-ms="95" status="PASS">
          <reporter-output>
          </reporter-output>
        </test-method> <!-- tearDownClass -->
      </class> <!-- TestRunner.TestRunner2 -->
    </test> <!-- Default test -->
  </suite> <!-- Default suite -->
</testng-results>
